<?xml version="1.0" encoding="UTF-8"?>
<!-- Generated by org.testng.reporters.JUnitXMLReporter -->
<testsuite hostname="hasna-Inspiron-3442" ignored="0" name="Default test" tests="7" failures="0" timestamp="20 Feb 2017 10:38:37 GMT" time="13.317" errors="0">
  <testcase name="testallproduct" time="0.312" classname="com.fusemachine.inventory.ProductTester"/>
  <testcase name="testdeleteById" time="0.22" classname="com.fusemachine.inventory.ProductTester"/>
  <testcase name="testedit" time="0.141" classname="com.fusemachine.inventory.ProductTester"/>
  <testcase name="testfindAll" time="0.078" classname="com.fusemachine.inventory.ProductTester"/>
  <testcase name="testfindById" time="0.083" classname="com.fusemachine.inventory.ProductTester"/>
  <testcase name="testgetSearchProduct" time="0.193" classname="com.fusemachine.inventory.ProductTester"/>
  <testcase name="testinsert" time="0.13" classname="com.fusemachine.inventory.ProductTester"/>
</testsuite> <!-- Default test -->
